<?xml version="1.0" encoding="UTF-8"?>
<!-- Generated by org.testng.reporters.JUnitXMLReporter -->
<testsuite hostname="Surya" ignored="0" name="Surefire test" tests="4" failures="2" timestamp="20 Jan 2022 07:06:49 GMT" time="37.53" errors="0">
  <testcase name="runScenario" time="31.762" classname="io.cucumber.testng.AbstractTestNGCucumberTests">
    <failure type="com.google.common.base.VerifyException" message="Payment submission failed. Known bug!">
      <![CDATA[com.google.common.base.VerifyException: Payment submission failed. Known bug!
at com.google.common.base.Verify.verify(Verify.java:123)
at pageObjects.CartPage.validatePaymentWindowClosed(CartPage.java:174)
at parallel.CartPageSteps.the_payment_window_should_be_closed_automatically_after_few_seconds(CartPageSteps.java:80)
at ✽.the payment window should be closed automatically after few seconds(file:///D:/Courses/AutoDemo/DemoMST/src/test/resources/parallel/BuyProductsDuplication3.feature:18)
]]>
    </failure>
  </testcase> <!-- runScenario -->
  <testcase name="runScenario" time="32.09" classname="io.cucumber.testng.AbstractTestNGCucumberTests"/>
  <testcase name="runScenario" time="33.582" classname="io.cucumber.testng.AbstractTestNGCucumberTests">
    <failure type="com.google.common.base.VerifyException" message="Payment submission failed. Known bug!">
      <![CDATA[com.google.common.base.VerifyException: Payment submission failed. Known bug!
at com.google.common.base.Verify.verify(Verify.java:123)
at pageObjects.CartPage.validatePaymentWindowClosed(CartPage.java:174)
at parallel.CartPageSteps.the_payment_window_should_be_closed_automatically_after_few_seconds(CartPageSteps.java:80)
at ✽.the payment window should be closed automatically after few seconds(file:///D:/Courses/AutoDemo/DemoMST/src/test/resources/parallel/BuyProductsDuplication.feature:18)
]]>
    </failure>
  </testcase> <!-- runScenario -->
  <testcase name="runScenario" time="35.249" classname="io.cucumber.testng.AbstractTestNGCucumberTests"/>
</testsuite> <!-- Surefire test -->
